<?xml version="1.0" encoding="UTF-8"?>
<!-- Generated by org.testng.reporters.JUnitReportReporter -->
<testsuite hostname="Sid" name="Runner.TestRunner" tests="1" failures="0" timestamp="21 Jul 2018 16:34:32 GMT" time="21.949" errors="0">
  <testcase name="feature" time="21.949" classname="Runner.TestRunner"/>
</testsuite> <!-- Runner.TestRunner -->
